[debug] [2021-12-07T07:30:23.281Z] ----------------------------------------------------------------------
[debug] [2021-12-07T07:30:23.284Z] Command:       C:\Program Files\nodejs\node.exe C:\Users\17135\AppData\Roaming\npm\node_modules\firebase-tools\lib\bin\firebase.js init
[debug] [2021-12-07T07:30:23.285Z] CLI Version:   9.22.0
[debug] [2021-12-07T07:30:23.285Z] Platform:      win32
[debug] [2021-12-07T07:30:23.285Z] Node Version:  v14.18.0
[debug] [2021-12-07T07:30:23.286Z] Time:          Mon Dec 06 2021 23:30:23 GMT-0800 (Pacific Standard Time)
[debug] [2021-12-07T07:30:23.286Z] ----------------------------------------------------------------------
[debug] 
[debug] [2021-12-07T07:30:23.290Z] >>> [apiv2][query] GET https://firebase-public.firebaseio.com/cli.json [none]
[debug] [2021-12-07T07:30:23.332Z] > command requires scopes: ["email","openid","https://www.googleapis.com/auth/cloudplatformprojects.readonly","https://www.googleapis.com/auth/firebase","https://www.googleapis.com/auth/cloud-platform"]
[debug] [2021-12-07T07:30:23.333Z] > authorizing via signed-in user (eorozco7@lion.lmu.edu)
[info] 
     ######## #### ########  ######## ########     ###     ######  ########
     ##        ##  ##     ## ##       ##     ##  ##   ##  ##       ##
     ######    ##  ########  ######   ########  #########  ######  ######
     ##        ##  ##    ##  ##       ##     ## ##     ##       ## ##
     ##       #### ##     ## ######## ########  ##     ##  ######  ########

You're about to initialize a Firebase project in this directory:

  C:\Users\17135\OneDrive\Documents\Web App Dev\song-discovery

[debug] [2021-12-07T07:30:23.573Z] <<< [apiv2][status] GET https://firebase-public.firebaseio.com/cli.json 200
[debug] [2021-12-07T07:30:23.574Z] <<< [apiv2][body] GET https://firebase-public.firebaseio.com/cli.json {"cloudBuildErrorAfter":1594252800000,"cloudBuildWarnAfter":1590019200000,"defaultNode10After":1594252800000,"minVersion":"3.0.5","node8DeploysDisabledAfter":1613390400000,"node8RuntimeDisabledAfter":1615809600000,"node8WarnAfter":1600128000000}
